# JRE version: Java(TM) SE Runtime Environment (8.0-b132) (build 1.8.0-b132)
# Java VM: Java HotSpot(TM) 64-Bit Server VM (25.0-b70 mixed mode windows-amd64 compressed oops)
Heap:
 PSYoungGen      total 33280K, used 26813K [0x00000000e0900000, 0x00000000e2e80000, 0x0000000100000000)
  eden space 28160K, 94% used [0x00000000e0900000,0x00000000e22e7400,0x00000000e2480000)
  from space 5120K, 5% used [0x00000000e2980000,0x00000000e29c8000,0x00000000e2e80000)
  to   space 5120K, 0% used [0x00000000e2480000,0x00000000e2480000,0x00000000e2980000)
 ParOldGen       total 96768K, used 38826K [0x00000000a1a00000, 0x00000000a7880000, 0x00000000e0900000)
  object space 96768K, 40% used [0x00000000a1a00000,0x00000000a3feaa90,0x00000000a7880000)
 Metaspace       used 16895K, capacity 17040K, committed 17152K, reserved 1064960K
  class space    used 2224K, capacity 2252K, committed 2304K, reserved 1048576K
GC Heap History (10 events):
Event: 1.622 GC heap before
{Heap before GC invocations=12 (full 0):
 PSYoungGen      total 8192K, used 6656K [0x00000000e0900000, 0x00000000e1680000, 0x0000000100000000)
  eden space 6656K, 100% used [0x00000000e0900000,0x00000000e0f80000,0x00000000e0f80000)
  from space 1536K, 0% used [0x00000000e0f80000,0x00000000e0f80000,0x00000000e1100000)
  to   space 1536K, 0% used [0x00000000e1500000,0x00000000e1500000,0x00000000e1680000)
 ParOldGen       total 96768K, used 8006K [0x00000000a1a00000, 0x00000000a7880000, 0x00000000e0900000)
  object space 96768K, 8% used [0x00000000a1a00000,0x00000000a21d18c0,0x00000000a7880000)
 Metaspace       used 10598K, capacity 10748K, committed 10880K, reserved 1058816K
  class space    used 1330K, capacity 1358K, committed 1408K, reserved 1048576K
Event: 1.623 GC heap after
Heap after GC invocations=12 (full 0):
 PSYoungGen      total 12288K, used 0K [0x00000000e0900000, 0x00000000e1680000, 0x0000000100000000)
  eden space 10752K, 0% used [0x00000000e0900000,0x00000000e0900000,0x00000000e1380000)
  from space 1536K, 0% used [0x00000000e1500000,0x00000000e1500000,0x00000000e1680000)
  to   space 1536K, 0% used [0x00000000e1380000,0x00000000e1380000,0x00000000e1500000)
 ParOldGen       total 96768K, used 8006K [0x00000000a1a00000, 0x00000000a7880000, 0x00000000e0900000)
  object space 96768K, 8% used [0x00000000a1a00000,0x00000000a21d18c0,0x00000000a7880000)
 Metaspace       used 10598K, capacity 10748K, committed 10880K, reserved 1058816K
  class space    used 1330K, capacity 1358K, committed 1408K, reserved 1048576K
}
Event: 1.670 GC heap before
{Heap before GC invocations=13 (full 0):
 PSYoungGen      total 12288K, used 10752K [0x00000000e0900000, 0x00000000e1680000, 0x0000000100000000)
  eden space 10752K, 100% used [0x00000000e0900000,0x00000000e1380000,0x00000000e1380000)
  from space 1536K, 0% used [0x00000000e1500000,0x00000000e1500000,0x00000000e1680000)
  to   space 1536K, 0% used [0x00000000e1380000,0x00000000e1380000,0x00000000e1500000)
 ParOldGen       total 96768K, used 8006K [0x00000000a1a00000, 0x00000000a7880000, 0x00000000e0900000)
  object space 96768K, 8% used [0x00000000a1a00000,0x00000000a21d18c0,0x00000000a7880000)
 Metaspace       used 10598K, capacity 10748K, committed 10880K, reserved 1058816K
  class space    used 1330K, capacity 1358K, committed 1408K, reserved 1048576K
Event: 1.671 GC heap after
Heap after GC invocations=13 (full 0):
 PSYoungGen      total 12288K, used 0K [0x00000000e0900000, 0x00000000e1d00000, 0x0000000100000000)
  eden space 10752K, 0% used [0x00000000e0900000,0x00000000e0900000,0x00000000e1380000)
  from space 1536K, 0% used [0x00000000e1380000,0x00000000e1380000,0x00000000e1500000)
  to   space 1536K, 0% used [0x00000000e1b80000,0x00000000e1b80000,0x00000000e1d00000)
 ParOldGen       total 96768K, used 8006K [0x00000000a1a00000, 0x00000000a7880000, 0x00000000e0900000)
  object space 96768K, 8% used [0x00000000a1a00000,0x00000000a21d18c0,0x00000000a7880000)
 Metaspace       used 10598K, capacity 10748K, committed 10880K, reserved 1058816K
  class space    used 1330K, capacity 1358K, committed 1408K, reserved 1048576K
}
Event: 1.716 GC heap before
{Heap before GC invocations=14 (full 0):
 PSYoungGen      total 12288K, used 10752K [0x00000000e0900000, 0x00000000e1d00000, 0x0000000100000000)
  eden space 10752K, 100% used [0x00000000e0900000,0x00000000e1380000,0x00000000e1380000)
  from space 1536K, 0% used [0x00000000e1380000,0x00000000e1380000,0x00000000e1500000)
  to   space 1536K, 0% used [0x00000000e1b80000,0x00000000e1b80000,0x00000000e1d00000)
 ParOldGen       total 96768K, used 8006K [0x00000000a1a00000, 0x00000000a7880000, 0x00000000e0900000)
  object space 96768K, 8% used [0x00000000a1a00000,0x00000000a21d18c0,0x00000000a7880000)
 Metaspace       used 10598K, capacity 10748K, committed 10880K, reserved 1058816K
  class space    used 1330K, capacity 1358K, committed 1408K, reserved 1048576K
Event: 1.716 GC heap after
Heap after GC invocations=14 (full 0):
 PSYoungGen      total 18944K, used 0K [0x00000000e0900000, 0x00000000e1d00000, 0x0000000100000000)
  eden space 17408K, 0% used [0x00000000e0900000,0x00000000e0900000,0x00000000e1a00000)
  from space 1536K, 0% used [0x00000000e1b80000,0x00000000e1b80000,0x00000000e1d00000)
  to   space 1536K, 0% used [0x00000000e1a00000,0x00000000e1a00000,0x00000000e1b80000)
 ParOldGen       total 96768K, used 8006K [0x00000000a1a00000, 0x00000000a7880000, 0x00000000e0900000)
  object space 96768K, 8% used [0x00000000a1a00000,0x00000000a21d18c0,0x00000000a7880000)
 Metaspace       used 10598K, capacity 10748K, committed 10880K, reserved 1058816K
  class space    used 1330K, capacity 1358K, committed 1408K, reserved 1048576K
}
Event: 6.486 GC heap before
{Heap before GC invocations=15 (full 0):
 PSYoungGen      total 18944K, used 13266K [0x00000000e0900000, 0x00000000e1d00000, 0x0000000100000000)
  eden space 17408K, 76% used [0x00000000e0900000,0x00000000e15f48b8,0x00000000e1a00000)
  from space 1536K, 0% used [0x00000000e1b80000,0x00000000e1b80000,0x00000000e1d00000)
  to   space 1536K, 0% used [0x00000000e1a00000,0x00000000e1a00000,0x00000000e1b80000)
 ParOldGen       total 96768K, used 8006K [0x00000000a1a00000, 0x00000000a7880000, 0x00000000e0900000)
  object space 96768K, 8% used [0x00000000a1a00000,0x00000000a21d18c0,0x00000000a7880000)
 Metaspace       used 13681K, capacity 13788K, committed 13824K, reserved 1060864K
  class space    used 1747K, capacity 1774K, committed 1792K, reserved 1048576K
Event: 6.494 GC heap after
Heap after GC invocations=15 (full 0):
 PSYoungGen      total 18944K, used 1533K [0x00000000e0900000, 0x00000000e2e80000, 0x0000000100000000)
  eden space 17408K, 0% used [0x00000000e0900000,0x00000000e0900000,0x00000000e1a00000)
  from space 1536K, 99% used [0x00000000e1a00000,0x00000000e1b7f788,0x00000000e1b80000)
  to   space 5120K, 0% used [0x00000000e2980000,0x00000000e2980000,0x00000000e2e80000)
 ParOldGen       total 96768K, used 16746K [0x00000000a1a00000, 0x00000000a7880000, 0x00000000e0900000)
  object space 96768K, 17% used [0x00000000a1a00000,0x00000000a2a5aa08,0x00000000a7880000)
 Metaspace       used 13681K, capacity 13788K, committed 13824K, reserved 1060864K
  class space    used 1747K, capacity 1774K, committed 1792K, reserved 1048576K
}
Event: 7.731 GC heap before
{Heap before GC invocations=16 (full 0):
 PSYoungGen      total 18944K, used 18941K [0x00000000e0900000, 0x00000000e2e80000, 0x0000000100000000)
  eden space 17408K, 100% used [0x00000000e0900000,0x00000000e1a00000,0x00000000e1a00000)
  from space 1536K, 99% used [0x00000000e1a00000,0x00000000e1b7f788,0x00000000e1b80000)
  to   space 5120K, 0% used [0x00000000e2980000,0x00000000e2980000,0x00000000e2e80000)
 ParOldGen       total 96768K, used 16746K [0x00000000a1a00000, 0x00000000a7880000, 0x00000000e0900000)
  object space 96768K, 17% used [0x00000000a1a00000,0x00000000a2a5aa08,0x00000000a7880000)
 Metaspace       used 13866K, capacity 13980K, committed 14080K, reserved 1060864K
  class space    used 1749K, capacity 1774K, committed 1792K, reserved 1048576K
Event: 7.738 GC heap after
Heap after GC invocations=16 (full 0):
 PSYoungGen      total 33280K, used 288K [0x00000000e0900000, 0x00000000e2e80000, 0x0000000100000000)
  eden space 28160K, 0% used [0x00000000e0900000,0x00000000e0900000,0x00000000e2480000)
  from space 5120K, 5% used [0x00000000e2980000,0x00000000e29c8000,0x00000000e2e80000)
  to   space 5120K, 0% used [0x00000000e2480000,0x00000000e2480000,0x00000000e2980000)
 ParOldGen       total 96768K, used 38826K [0x00000000a1a00000, 0x00000000a7880000, 0x00000000e0900000)
  object space 96768K, 40% used [0x00000000a1a00000,0x00000000a3feaa90,0x00000000a7880000)
 Metaspace       used 13866K, capacity 13980K, committed 14080K, reserved 1060864K
  class space    used 1749K, capacity 1774K, committed 1792K, reserved 1048576K
}

