# JRE version: Java(TM) SE Runtime Environment (8.0-b132) (build 1.8.0-b132)
# Java VM: Java HotSpot(TM) 64-Bit Server VM (25.0-b70 mixed mode windows-amd64 compressed oops)
Heap:
 PSYoungGen      total 22016K, used 16261K [0x00000000e0900000, 0x00000000e2e00000, 0x0000000100000000)
  eden space 20480K, 71% used [0x00000000e0900000,0x00000000e1761f28,0x00000000e1d00000)
  from space 1536K, 99% used [0x00000000e2c80000,0x00000000e2dff7e8,0x00000000e2e00000)
  to   space 3584K, 0% used [0x00000000e2700000,0x00000000e2700000,0x00000000e2a80000)
 ParOldGen       total 96768K, used 40340K [0x00000000a1a00000, 0x00000000a7880000, 0x00000000e0900000)
  object space 96768K, 41% used [0x00000000a1a00000,0x00000000a41651d0,0x00000000a7880000)
 Metaspace       used 16897K, capacity 17040K, committed 17152K, reserved 1064960K
  class space    used 2226K, capacity 2252K, committed 2304K, reserved 1048576K
GC Heap History (10 events):
Event: 12.256 GC heap before
{Heap before GC invocations=10 (full 0):
 PSYoungGen      total 9728K, used 8768K [0x00000000e0900000, 0x00000000e1900000, 0x0000000100000000)
  eden space 8192K, 100% used [0x00000000e0900000,0x00000000e1100000,0x00000000e1100000)
  from space 1536K, 37% used [0x00000000e1100000,0x00000000e1190230,0x00000000e1280000)
  to   space 1536K, 0% used [0x00000000e1780000,0x00000000e1780000,0x00000000e1900000)
 ParOldGen       total 96768K, used 7492K [0x00000000a1a00000, 0x00000000a7880000, 0x00000000e0900000)
  object space 96768K, 7% used [0x00000000a1a00000,0x00000000a21513a8,0x00000000a7880000)
 Metaspace       used 10608K, capacity 10748K, committed 10880K, reserved 1058816K
  class space    used 1334K, capacity 1358K, committed 1408K, reserved 1048576K
Event: 12.256 GC heap after
Heap after GC invocations=10 (full 0):
 PSYoungGen      total 14848K, used 0K [0x00000000e0900000, 0x00000000e1900000, 0x0000000100000000)
  eden space 13312K, 0% used [0x00000000e0900000,0x00000000e0900000,0x00000000e1600000)
  from space 1536K, 0% used [0x00000000e1780000,0x00000000e1780000,0x00000000e1900000)
  to   space 1536K, 0% used [0x00000000e1600000,0x00000000e1600000,0x00000000e1780000)
 ParOldGen       total 96768K, used 7930K [0x00000000a1a00000, 0x00000000a7880000, 0x00000000e0900000)
  object space 96768K, 8% used [0x00000000a1a00000,0x00000000a21bebe8,0x00000000a7880000)
 Metaspace       used 10608K, capacity 10748K, committed 10880K, reserved 1058816K
  class space    used 1334K, capacity 1358K, committed 1408K, reserved 1048576K
}
Event: 12.332 GC heap before
{Heap before GC invocations=11 (full 0):
 PSYoungGen      total 14848K, used 13312K [0x00000000e0900000, 0x00000000e1900000, 0x0000000100000000)
  eden space 13312K, 100% used [0x00000000e0900000,0x00000000e1600000,0x00000000e1600000)
  from space 1536K, 0% used [0x00000000e1780000,0x00000000e1780000,0x00000000e1900000)
  to   space 1536K, 0% used [0x00000000e1600000,0x00000000e1600000,0x00000000e1780000)
 ParOldGen       total 96768K, used 7930K [0x00000000a1a00000, 0x00000000a7880000, 0x00000000e0900000)
  object space 96768K, 8% used [0x00000000a1a00000,0x00000000a21bebe8,0x00000000a7880000)
 Metaspace       used 10608K, capacity 10748K, committed 10880K, reserved 1058816K
  class space    used 1334K, capacity 1358K, committed 1408K, reserved 1048576K
Event: 12.333 GC heap after
Heap after GC invocations=11 (full 0):
 PSYoungGen      total 14848K, used 0K [0x00000000e0900000, 0x00000000e2100000, 0x0000000100000000)
  eden space 13312K, 0% used [0x00000000e0900000,0x00000000e0900000,0x00000000e1600000)
  from space 1536K, 0% used [0x00000000e1600000,0x00000000e1600000,0x00000000e1780000)
  to   space 1536K, 0% used [0x00000000e1f80000,0x00000000e1f80000,0x00000000e2100000)
 ParOldGen       total 96768K, used 7930K [0x00000000a1a00000, 0x00000000a7880000, 0x00000000e0900000)
  object space 96768K, 8% used [0x00000000a1a00000,0x00000000a21bebe8,0x00000000a7880000)
 Metaspace       used 10608K, capacity 10748K, committed 10880K, reserved 1058816K
  class space    used 1334K, capacity 1358K, committed 1408K, reserved 1048576K
}
Event: 16.135 GC heap before
{Heap before GC invocations=12 (full 0):
 PSYoungGen      total 14848K, used 12992K [0x00000000e0900000, 0x00000000e2100000, 0x0000000100000000)
  eden space 13312K, 97% used [0x00000000e0900000,0x00000000e15b00d0,0x00000000e1600000)
  from space 1536K, 0% used [0x00000000e1600000,0x00000000e1600000,0x00000000e1780000)
  to   space 1536K, 0% used [0x00000000e1f80000,0x00000000e1f80000,0x00000000e2100000)
 ParOldGen       total 96768K, used 7930K [0x00000000a1a00000, 0x00000000a7880000, 0x00000000e0900000)
  object space 96768K, 8% used [0x00000000a1a00000,0x00000000a21bebe8,0x00000000a7880000)
 Metaspace       used 13612K, capacity 13724K, committed 13824K, reserved 1060864K
  class space    used 1742K, capacity 1774K, committed 1792K, reserved 1048576K
Event: 16.139 GC heap after
Heap after GC invocations=12 (full 0):
 PSYoungGen      total 23040K, used 880K [0x00000000e0900000, 0x00000000e2100000, 0x0000000100000000)
  eden space 21504K, 0% used [0x00000000e0900000,0x00000000e0900000,0x00000000e1e00000)
  from space 1536K, 57% used [0x00000000e1f80000,0x00000000e205c128,0x00000000e2100000)
  to   space 1536K, 0% used [0x00000000e1e00000,0x00000000e1e00000,0x00000000e1f80000)
 ParOldGen       total 96768K, used 13784K [0x00000000a1a00000, 0x00000000a7880000, 0x00000000e0900000)
  object space 96768K, 14% used [0x00000000a1a00000,0x00000000a2776170,0x00000000a7880000)
 Metaspace       used 13612K, capacity 13724K, committed 13824K, reserved 1060864K
  class space    used 1742K, capacity 1774K, committed 1792K, reserved 1048576K
}
Event: 17.193 GC heap before
{Heap before GC invocations=13 (full 0):
 PSYoungGen      total 23040K, used 22384K [0x00000000e0900000, 0x00000000e2100000, 0x0000000100000000)
  eden space 21504K, 100% used [0x00000000e0900000,0x00000000e1e00000,0x00000000e1e00000)
  from space 1536K, 57% used [0x00000000e1f80000,0x00000000e205c128,0x00000000e2100000)
  to   space 1536K, 0% used [0x00000000e1e00000,0x00000000e1e00000,0x00000000e1f80000)
 ParOldGen       total 96768K, used 13784K [0x00000000a1a00000, 0x00000000a7880000, 0x00000000e0900000)
  object space 96768K, 14% used [0x00000000a1a00000,0x00000000a2776170,0x00000000a7880000)
 Metaspace       used 13854K, capacity 13980K, committed 14080K, reserved 1060864K
  class space    used 1748K, capacity 1774K, committed 1792K, reserved 1048576K
Event: 17.209 GC heap after
Heap after GC invocations=13 (full 0):
 PSYoungGen      total 23040K, used 989K [0x00000000e0900000, 0x00000000e2e00000, 0x0000000100000000)
  eden space 21504K, 0% used [0x00000000e0900000,0x00000000e0900000,0x00000000e1e00000)
  from space 1536K, 64% used [0x00000000e1e00000,0x00000000e1ef7768,0x00000000e1f80000)
  to   space 1536K, 0% used [0x00000000e2c80000,0x00000000e2c80000,0x00000000e2e00000)
 ParOldGen       total 96768K, used 36510K [0x00000000a1a00000, 0x00000000a7880000, 0x00000000e0900000)
  object space 96768K, 37% used [0x00000000a1a00000,0x00000000a3da7900,0x00000000a7880000)
 Metaspace       used 13854K, capacity 13980K, committed 14080K, reserved 1060864K
  class space    used 1748K, capacity 1774K, committed 1792K, reserved 1048576K
}
Event: 22.169 GC heap before
{Heap before GC invocations=14 (full 0):
 PSYoungGen      total 23040K, used 21529K [0x00000000e0900000, 0x00000000e2e00000, 0x0000000100000000)
  eden space 21504K, 95% used [0x00000000e0900000,0x00000000e1d0edc0,0x00000000e1e00000)
  from space 1536K, 64% used [0x00000000e1e00000,0x00000000e1ef7768,0x00000000e1f80000)
  to   space 1536K, 0% used [0x00000000e2c80000,0x00000000e2c80000,0x00000000e2e00000)
 ParOldGen       total 96768K, used 36510K [0x00000000a1a00000, 0x00000000a7880000, 0x00000000e0900000)
  object space 96768K, 37% used [0x00000000a1a00000,0x00000000a3da7900,0x00000000a7880000)
 Metaspace       used 16566K, capacity 16698K, committed 16896K, reserved 1064960K
  class space    used 2194K, capacity 2227K, committed 2304K, reserved 1048576K
Event: 22.172 GC heap after
Heap after GC invocations=14 (full 0):
 PSYoungGen      total 22016K, used 1533K [0x00000000e0900000, 0x00000000e2e00000, 0x0000000100000000)
  eden space 20480K, 0% used [0x00000000e0900000,0x00000000e0900000,0x00000000e1d00000)
  from space 1536K, 99% used [0x00000000e2c80000,0x00000000e2dff7e8,0x00000000e2e00000)
  to   space 3584K, 0% used [0x00000000e2700000,0x00000000e2700000,0x00000000e2a80000)
 ParOldGen       total 96768K, used 40340K [0x00000000a1a00000, 0x00000000a7880000, 0x00000000e0900000)
  object space 96768K, 41% used [0x00000000a1a00000,0x00000000a41651d0,0x00000000a7880000)
 Metaspace       used 16566K, capacity 16698K, committed 16896K, reserved 1064960K
  class space    used 2194K, capacity 2227K, committed 2304K, reserved 1048576K
}

