# JRE version: Java(TM) SE Runtime Environment (8.0-b132) (build 1.8.0-b132)
# Java VM: Java HotSpot(TM) 64-Bit Server VM (25.0-b70 mixed mode windows-amd64 compressed oops)
Heap:
 PSYoungGen      total 23040K, used 16297K [0x00000000e0900000, 0x00000000e3800000, 0x0000000100000000)
  eden space 21504K, 68% used [0x00000000e0900000,0x00000000e176f030,0x00000000e1e00000)
  from space 1536K, 98% used [0x00000000e1e00000,0x00000000e1f7b798,0x00000000e1f80000)
  to   space 6656K, 0% used [0x00000000e3180000,0x00000000e3180000,0x00000000e3800000)
 ParOldGen       total 96768K, used 26718K [0x00000000a1a00000, 0x00000000a7880000, 0x00000000e0900000)
  object space 96768K, 27% used [0x00000000a1a00000,0x00000000a3417b98,0x00000000a7880000)
 Metaspace       used 16506K, capacity 16634K, committed 16896K, reserved 1064960K
  class space    used 2192K, capacity 2227K, committed 2304K, reserved 1048576K
GC Heap History (10 events):
Event: 3.249 GC heap before
{Heap before GC invocations=9 (full 0):
 PSYoungGen      total 9728K, used 8565K [0x00000000e0900000, 0x00000000e1400000, 0x0000000100000000)
  eden space 8192K, 100% used [0x00000000e0900000,0x00000000e1100000,0x00000000e1100000)
  from space 1536K, 24% used [0x00000000e1280000,0x00000000e12dd610,0x00000000e1400000)
  to   space 1536K, 0% used [0x00000000e1100000,0x00000000e1100000,0x00000000e1280000)
 ParOldGen       total 96768K, used 7399K [0x00000000a1a00000, 0x00000000a7880000, 0x00000000e0900000)
  object space 96768K, 7% used [0x00000000a1a00000,0x00000000a2139cb8,0x00000000a7880000)
 Metaspace       used 10599K, capacity 10748K, committed 10880K, reserved 1058816K
  class space    used 1329K, capacity 1358K, committed 1408K, reserved 1048576K
Event: 3.250 GC heap after
Heap after GC invocations=9 (full 0):
 PSYoungGen      total 9728K, used 576K [0x00000000e0900000, 0x00000000e1900000, 0x0000000100000000)
  eden space 8192K, 0% used [0x00000000e0900000,0x00000000e0900000,0x00000000e1100000)
  from space 1536K, 37% used [0x00000000e1100000,0x00000000e1190230,0x00000000e1280000)
  to   space 1536K, 0% used [0x00000000e1780000,0x00000000e1780000,0x00000000e1900000)
 ParOldGen       total 96768K, used 7536K [0x00000000a1a00000, 0x00000000a7880000, 0x00000000e0900000)
  object space 96768K, 7% used [0x00000000a1a00000,0x00000000a215c3c8,0x00000000a7880000)
 Metaspace       used 10599K, capacity 10748K, committed 10880K, reserved 1058816K
  class space    used 1329K, capacity 1358K, committed 1408K, reserved 1048576K
}
Event: 3.284 GC heap before
{Heap before GC invocations=10 (full 0):
 PSYoungGen      total 9728K, used 8768K [0x00000000e0900000, 0x00000000e1900000, 0x0000000100000000)
  eden space 8192K, 100% used [0x00000000e0900000,0x00000000e1100000,0x00000000e1100000)
  from space 1536K, 37% used [0x00000000e1100000,0x00000000e1190230,0x00000000e1280000)
  to   space 1536K, 0% used [0x00000000e1780000,0x00000000e1780000,0x00000000e1900000)
 ParOldGen       total 96768K, used 7536K [0x00000000a1a00000, 0x00000000a7880000, 0x00000000e0900000)
  object space 96768K, 7% used [0x00000000a1a00000,0x00000000a215c3c8,0x00000000a7880000)
 Metaspace       used 10599K, capacity 10748K, committed 10880K, reserved 1058816K
  class space    used 1329K, capacity 1358K, committed 1408K, reserved 1048576K
Event: 3.285 GC heap after
Heap after GC invocations=10 (full 0):
 PSYoungGen      total 14848K, used 0K [0x00000000e0900000, 0x00000000e1900000, 0x0000000100000000)
  eden space 13312K, 0% used [0x00000000e0900000,0x00000000e0900000,0x00000000e1600000)
  from space 1536K, 0% used [0x00000000e1780000,0x00000000e1780000,0x00000000e1900000)
  to   space 1536K, 0% used [0x00000000e1600000,0x00000000e1600000,0x00000000e1780000)
 ParOldGen       total 96768K, used 7959K [0x00000000a1a00000, 0x00000000a7880000, 0x00000000e0900000)
  object space 96768K, 8% used [0x00000000a1a00000,0x00000000a21c5c08,0x00000000a7880000)
 Metaspace       used 10599K, capacity 10748K, committed 10880K, reserved 1058816K
  class space    used 1329K, capacity 1358K, committed 1408K, reserved 1048576K
}
Event: 3.342 GC heap before
{Heap before GC invocations=11 (full 0):
 PSYoungGen      total 14848K, used 13312K [0x00000000e0900000, 0x00000000e1900000, 0x0000000100000000)
  eden space 13312K, 100% used [0x00000000e0900000,0x00000000e1600000,0x00000000e1600000)
  from space 1536K, 0% used [0x00000000e1780000,0x00000000e1780000,0x00000000e1900000)
  to   space 1536K, 0% used [0x00000000e1600000,0x00000000e1600000,0x00000000e1780000)
 ParOldGen       total 96768K, used 7959K [0x00000000a1a00000, 0x00000000a7880000, 0x00000000e0900000)
  object space 96768K, 8% used [0x00000000a1a00000,0x00000000a21c5c08,0x00000000a7880000)
 Metaspace       used 10599K, capacity 10748K, committed 10880K, reserved 1058816K
  class space    used 1329K, capacity 1358K, committed 1408K, reserved 1048576K
Event: 3.343 GC heap after
Heap after GC invocations=11 (full 0):
 PSYoungGen      total 14848K, used 0K [0x00000000e0900000, 0x00000000e2100000, 0x0000000100000000)
  eden space 13312K, 0% used [0x00000000e0900000,0x00000000e0900000,0x00000000e1600000)
  from space 1536K, 0% used [0x00000000e1600000,0x00000000e1600000,0x00000000e1780000)
  to   space 1536K, 0% used [0x00000000e1f80000,0x00000000e1f80000,0x00000000e2100000)
 ParOldGen       total 96768K, used 7959K [0x00000000a1a00000, 0x00000000a7880000, 0x00000000e0900000)
  object space 96768K, 8% used [0x00000000a1a00000,0x00000000a21c5c08,0x00000000a7880000)
 Metaspace       used 10599K, capacity 10748K, committed 10880K, reserved 1058816K
  class space    used 1329K, capacity 1358K, committed 1408K, reserved 1048576K
}
Event: 8.762 GC heap before
{Heap before GC invocations=12 (full 0):
 PSYoungGen      total 14848K, used 13312K [0x00000000e0900000, 0x00000000e2100000, 0x0000000100000000)
  eden space 13312K, 100% used [0x00000000e0900000,0x00000000e1600000,0x00000000e1600000)
  from space 1536K, 0% used [0x00000000e1600000,0x00000000e1600000,0x00000000e1780000)
  to   space 1536K, 0% used [0x00000000e1f80000,0x00000000e1f80000,0x00000000e2100000)
 ParOldGen       total 96768K, used 7959K [0x00000000a1a00000, 0x00000000a7880000, 0x00000000e0900000)
  object space 96768K, 8% used [0x00000000a1a00000,0x00000000a21c5c08,0x00000000a7880000)
 Metaspace       used 13804K, capacity 13916K, committed 14080K, reserved 1060864K
  class space    used 1748K, capacity 1774K, committed 1792K, reserved 1048576K
Event: 8.771 GC heap after
Heap after GC invocations=12 (full 0):
 PSYoungGen      total 23040K, used 880K [0x00000000e0900000, 0x00000000e2100000, 0x0000000100000000)
  eden space 21504K, 0% used [0x00000000e0900000,0x00000000e0900000,0x00000000e1e00000)
  from space 1536K, 57% used [0x00000000e1f80000,0x00000000e205c128,0x00000000e2100000)
  to   space 1536K, 0% used [0x00000000e1e00000,0x00000000e1e00000,0x00000000e1f80000)
 ParOldGen       total 96768K, used 13812K [0x00000000a1a00000, 0x00000000a7880000, 0x00000000e0900000)
  object space 96768K, 14% used [0x00000000a1a00000,0x00000000a277d190,0x00000000a7880000)
 Metaspace       used 13804K, capacity 13916K, committed 14080K, reserved 1060864K
  class space    used 1748K, capacity 1774K, committed 1792K, reserved 1048576K
}
Event: 11.778 GC heap before
{Heap before GC invocations=13 (full 0):
 PSYoungGen      total 23040K, used 22384K [0x00000000e0900000, 0x00000000e2100000, 0x0000000100000000)
  eden space 21504K, 100% used [0x00000000e0900000,0x00000000e1e00000,0x00000000e1e00000)
  from space 1536K, 57% used [0x00000000e1f80000,0x00000000e205c128,0x00000000e2100000)
  to   space 1536K, 0% used [0x00000000e1e00000,0x00000000e1e00000,0x00000000e1f80000)
 ParOldGen       total 96768K, used 13812K [0x00000000a1a00000, 0x00000000a7880000, 0x00000000e0900000)
  object space 96768K, 14% used [0x00000000a1a00000,0x00000000a277d190,0x00000000a7880000)
 Metaspace       used 16498K, capacity 16634K, committed 16896K, reserved 1064960K
  class space    used 2191K, capacity 2227K, committed 2304K, reserved 1048576K
Event: 11.783 GC heap after
Heap after GC invocations=13 (full 0):
 PSYoungGen      total 23040K, used 1517K [0x00000000e0900000, 0x00000000e3800000, 0x0000000100000000)
  eden space 21504K, 0% used [0x00000000e0900000,0x00000000e0900000,0x00000000e1e00000)
  from space 1536K, 98% used [0x00000000e1e00000,0x00000000e1f7b798,0x00000000e1f80000)
  to   space 6656K, 0% used [0x00000000e3180000,0x00000000e3180000,0x00000000e3800000)
 ParOldGen       total 96768K, used 26718K [0x00000000a1a00000, 0x00000000a7880000, 0x00000000e0900000)
  object space 96768K, 27% used [0x00000000a1a00000,0x00000000a3417b98,0x00000000a7880000)
 Metaspace       used 16498K, capacity 16634K, committed 16896K, reserved 1064960K
  class space    used 2191K, capacity 2227K, committed 2304K, reserved 1048576K
}

