# JRE version: Java(TM) SE Runtime Environment (8.0-b132) (build 1.8.0-b132)
# Java VM: Java HotSpot(TM) 64-Bit Server VM (25.0-b70 mixed mode windows-amd64 compressed oops)
Heap:
 PSYoungGen      total 29184K, used 22942K [0x00000000e0900000, 0x00000000e2d80000, 0x0000000100000000)
  eden space 27136K, 77% used [0x00000000e0900000,0x00000000e1d9dfa0,0x00000000e2380000)
  from space 2048K, 89% used [0x00000000e2480000,0x00000000e26498b8,0x00000000e2680000)
  to   space 5120K, 0% used [0x00000000e2880000,0x00000000e2880000,0x00000000e2d80000)
 ParOldGen       total 96768K, used 37497K [0x00000000a1a00000, 0x00000000a7880000, 0x00000000e0900000)
  object space 96768K, 38% used [0x00000000a1a00000,0x00000000a3e9e7a0,0x00000000a7880000)
 Metaspace       used 16877K, capacity 17040K, committed 17152K, reserved 1064960K
  class space    used 2226K, capacity 2252K, committed 2304K, reserved 1048576K
GC Heap History (10 events):
Event: 10.444 GC heap before
{Heap before GC invocations=13 (full 0):
 PSYoungGen      total 12288K, used 10752K [0x00000000e0900000, 0x00000000e1680000, 0x0000000100000000)
  eden space 10752K, 100% used [0x00000000e0900000,0x00000000e1380000,0x00000000e1380000)
  from space 1536K, 0% used [0x00000000e1500000,0x00000000e1500000,0x00000000e1680000)
  to   space 1536K, 0% used [0x00000000e1380000,0x00000000e1380000,0x00000000e1500000)
 ParOldGen       total 96768K, used 7978K [0x00000000a1a00000, 0x00000000a7880000, 0x00000000e0900000)
  object space 96768K, 8% used [0x00000000a1a00000,0x00000000a21cabc8,0x00000000a7880000)
 Metaspace       used 10616K, capacity 10780K, committed 10880K, reserved 1058816K
  class space    used 1336K, capacity 1390K, committed 1408K, reserved 1048576K
Event: 10.444 GC heap after
Heap after GC invocations=13 (full 0):
 PSYoungGen      total 12288K, used 0K [0x00000000e0900000, 0x00000000e1d00000, 0x0000000100000000)
  eden space 10752K, 0% used [0x00000000e0900000,0x00000000e0900000,0x00000000e1380000)
  from space 1536K, 0% used [0x00000000e1380000,0x00000000e1380000,0x00000000e1500000)
  to   space 1536K, 0% used [0x00000000e1b80000,0x00000000e1b80000,0x00000000e1d00000)
 ParOldGen       total 96768K, used 7978K [0x00000000a1a00000, 0x00000000a7880000, 0x00000000e0900000)
  object space 96768K, 8% used [0x00000000a1a00000,0x00000000a21cabc8,0x00000000a7880000)
 Metaspace       used 10616K, capacity 10780K, committed 10880K, reserved 1058816K
  class space    used 1336K, capacity 1390K, committed 1408K, reserved 1048576K
}
Event: 10.490 GC heap before
{Heap before GC invocations=14 (full 0):
 PSYoungGen      total 12288K, used 10752K [0x00000000e0900000, 0x00000000e1d00000, 0x0000000100000000)
  eden space 10752K, 100% used [0x00000000e0900000,0x00000000e1380000,0x00000000e1380000)
  from space 1536K, 0% used [0x00000000e1380000,0x00000000e1380000,0x00000000e1500000)
  to   space 1536K, 0% used [0x00000000e1b80000,0x00000000e1b80000,0x00000000e1d00000)
 ParOldGen       total 96768K, used 7978K [0x00000000a1a00000, 0x00000000a7880000, 0x00000000e0900000)
  object space 96768K, 8% used [0x00000000a1a00000,0x00000000a21cabc8,0x00000000a7880000)
 Metaspace       used 10616K, capacity 10780K, committed 10880K, reserved 1058816K
  class space    used 1336K, capacity 1390K, committed 1408K, reserved 1048576K
Event: 10.490 GC heap after
Heap after GC invocations=14 (full 0):
 PSYoungGen      total 18944K, used 0K [0x00000000e0900000, 0x00000000e1d00000, 0x0000000100000000)
  eden space 17408K, 0% used [0x00000000e0900000,0x00000000e0900000,0x00000000e1a00000)
  from space 1536K, 0% used [0x00000000e1b80000,0x00000000e1b80000,0x00000000e1d00000)
  to   space 1536K, 0% used [0x00000000e1a00000,0x00000000e1a00000,0x00000000e1b80000)
 ParOldGen       total 96768K, used 7978K [0x00000000a1a00000, 0x00000000a7880000, 0x00000000e0900000)
  object space 96768K, 8% used [0x00000000a1a00000,0x00000000a21cabc8,0x00000000a7880000)
 Metaspace       used 10616K, capacity 10780K, committed 10880K, reserved 1058816K
  class space    used 1336K, capacity 1390K, committed 1408K, reserved 1048576K
}
Event: 23.715 GC heap before
{Heap before GC invocations=15 (full 0):
 PSYoungGen      total 18944K, used 11976K [0x00000000e0900000, 0x00000000e1d00000, 0x0000000100000000)
  eden space 17408K, 68% used [0x00000000e0900000,0x00000000e14b2078,0x00000000e1a00000)
  from space 1536K, 0% used [0x00000000e1b80000,0x00000000e1b80000,0x00000000e1d00000)
  to   space 1536K, 0% used [0x00000000e1a00000,0x00000000e1a00000,0x00000000e1b80000)
 ParOldGen       total 96768K, used 7978K [0x00000000a1a00000, 0x00000000a7880000, 0x00000000e0900000)
  object space 96768K, 8% used [0x00000000a1a00000,0x00000000a21cabc8,0x00000000a7880000)
 Metaspace       used 13627K, capacity 13788K, committed 13824K, reserved 1060864K
  class space    used 1742K, capacity 1774K, committed 1792K, reserved 1048576K
Event: 23.723 GC heap after
Heap after GC invocations=15 (full 0):
 PSYoungGen      total 18944K, used 1533K [0x00000000e0900000, 0x00000000e2e80000, 0x0000000100000000)
  eden space 17408K, 0% used [0x00000000e0900000,0x00000000e0900000,0x00000000e1a00000)
  from space 1536K, 99% used [0x00000000e1a00000,0x00000000e1b7f788,0x00000000e1b80000)
  to   space 5120K, 0% used [0x00000000e2980000,0x00000000e2980000,0x00000000e2e80000)
 ParOldGen       total 96768K, used 17455K [0x00000000a1a00000, 0x00000000a7880000, 0x00000000e0900000)
  object space 96768K, 18% used [0x00000000a1a00000,0x00000000a2b0bcc0,0x00000000a7880000)
 Metaspace       used 13627K, capacity 13788K, committed 13824K, reserved 1060864K
  class space    used 1742K, capacity 1774K, committed 1792K, reserved 1048576K
}
Event: 26.031 GC heap before
{Heap before GC invocations=16 (full 0):
 PSYoungGen      total 18944K, used 18941K [0x00000000e0900000, 0x00000000e2e80000, 0x0000000100000000)
  eden space 17408K, 100% used [0x00000000e0900000,0x00000000e1a00000,0x00000000e1a00000)
  from space 1536K, 99% used [0x00000000e1a00000,0x00000000e1b7f788,0x00000000e1b80000)
  to   space 5120K, 0% used [0x00000000e2980000,0x00000000e2980000,0x00000000e2e80000)
 ParOldGen       total 96768K, used 17455K [0x00000000a1a00000, 0x00000000a7880000, 0x00000000e0900000)
  object space 96768K, 18% used [0x00000000a1a00000,0x00000000a2b0bcc0,0x00000000a7880000)
 Metaspace       used 13744K, capacity 13852K, committed 14080K, reserved 1060864K
  class space    used 1747K, capacity 1774K, committed 1792K, reserved 1048576K
Event: 26.039 GC heap after
Heap after GC invocations=16 (full 0):
 PSYoungGen      total 33280K, used 288K [0x00000000e0900000, 0x00000000e2e80000, 0x0000000100000000)
  eden space 28160K, 0% used [0x00000000e0900000,0x00000000e0900000,0x00000000e2480000)
  from space 5120K, 5% used [0x00000000e2980000,0x00000000e29c8000,0x00000000e2e80000)
  to   space 5120K, 0% used [0x00000000e2480000,0x00000000e2480000,0x00000000e2980000)
 ParOldGen       total 96768K, used 37449K [0x00000000a1a00000, 0x00000000a7880000, 0x00000000e0900000)
  object space 96768K, 38% used [0x00000000a1a00000,0x00000000a3e927a0,0x00000000a7880000)
 Metaspace       used 13744K, capacity 13852K, committed 14080K, reserved 1060864K
  class space    used 1747K, capacity 1774K, committed 1792K, reserved 1048576K
}
Event: 27.363 GC heap before
{Heap before GC invocations=17 (full 0):
 PSYoungGen      total 33280K, used 26602K [0x00000000e0900000, 0x00000000e2e80000, 0x0000000100000000)
  eden space 28160K, 93% used [0x00000000e0900000,0x00000000e22b2a90,0x00000000e2480000)
  from space 5120K, 5% used [0x00000000e2980000,0x00000000e29c8000,0x00000000e2e80000)
  to   space 5120K, 0% used [0x00000000e2480000,0x00000000e2480000,0x00000000e2980000)
 ParOldGen       total 96768K, used 37449K [0x00000000a1a00000, 0x00000000a7880000, 0x00000000e0900000)
  object space 96768K, 38% used [0x00000000a1a00000,0x00000000a3e927a0,0x00000000a7880000)
 Metaspace       used 16430K, capacity 16570K, committed 16896K, reserved 1064960K
  class space    used 2187K, capacity 2227K, committed 2304K, reserved 1048576K
Event: 27.365 GC heap after
Heap after GC invocations=17 (full 0):
 PSYoungGen      total 29184K, used 1830K [0x00000000e0900000, 0x00000000e2d80000, 0x0000000100000000)
  eden space 27136K, 0% used [0x00000000e0900000,0x00000000e0900000,0x00000000e2380000)
  from space 2048K, 89% used [0x00000000e2480000,0x00000000e26498b8,0x00000000e2680000)
  to   space 5120K, 0% used [0x00000000e2880000,0x00000000e2880000,0x00000000e2d80000)
 ParOldGen       total 96768K, used 37497K [0x00000000a1a00000, 0x00000000a7880000, 0x00000000e0900000)
  object space 96768K, 38% used [0x00000000a1a00000,0x00000000a3e9e7a0,0x00000000a7880000)
 Metaspace       used 16430K, capacity 16570K, committed 16896K, reserved 1064960K
  class space    used 2187K, capacity 2227K, committed 2304K, reserved 1048576K
}

