# JRE version: Java(TM) SE Runtime Environment (8.0_05-b13) (build 1.8.0_05-b13)
# Java VM: Java HotSpot(TM) 64-Bit Server VM (25.5-b02 mixed mode windows-amd64 compressed oops)
Heap:
 PSYoungGen      total 35840K, used 28921K [0x00000000d5700000, 0x00000000d7c00000, 0x0000000100000000)
  eden space 33792K, 85% used [0x00000000d5700000,0x00000000d7326590,0x00000000d7800000)
  from space 2048K, 4% used [0x00000000d7a00000,0x00000000d7a18000,0x00000000d7c00000)
  to   space 2048K, 0% used [0x00000000d7800000,0x00000000d7800000,0x00000000d7a00000)
 ParOldGen       total 129536K, used 30789K [0x0000000080400000, 0x0000000088280000, 0x00000000d5700000)
  object space 129536K, 23% used [0x0000000080400000,0x00000000822117e8,0x0000000088280000)
 Metaspace       used 17806K, capacity 18020K, committed 18304K, reserved 1064960K
  class space    used 2346K, capacity 2394K, committed 2432K, reserved 1048576K
GC Heap History (10 events):
Event: 0.919 GC heap before
{Heap before GC invocations=10 (full 0):
 PSYoungGen      total 9728K, used 8437K [0x00000000d5700000, 0x00000000d6700000, 0x0000000100000000)
  eden space 8192K, 100% used [0x00000000d5700000,0x00000000d5f00000,0x00000000d5f00000)
  from space 1536K, 15% used [0x00000000d5f00000,0x00000000d5f3d610,0x00000000d6080000)
  to   space 1536K, 0% used [0x00000000d6580000,0x00000000d6580000,0x00000000d6700000)
 ParOldGen       total 129536K, used 7526K [0x0000000080400000, 0x0000000088280000, 0x00000000d5700000)
  object space 129536K, 5% used [0x0000000080400000,0x0000000080b59b98,0x0000000088280000)
 Metaspace       used 11294K, capacity 11480K, committed 11776K, reserved 1058816K
  class space    used 1418K, capacity 1464K, committed 1536K, reserved 1048576K
Event: 0.920 GC heap after
Heap after GC invocations=10 (full 0):
 PSYoungGen      total 14848K, used 0K [0x00000000d5700000, 0x00000000d6700000, 0x0000000100000000)
  eden space 13312K, 0% used [0x00000000d5700000,0x00000000d5700000,0x00000000d6400000)
  from space 1536K, 0% used [0x00000000d6580000,0x00000000d6580000,0x00000000d6700000)
  to   space 1536K, 0% used [0x00000000d6400000,0x00000000d6400000,0x00000000d6580000)
 ParOldGen       total 129536K, used 7932K [0x0000000080400000, 0x0000000088280000, 0x00000000d5700000)
  object space 129536K, 6% used [0x0000000080400000,0x0000000080bbf3d8,0x0000000088280000)
 Metaspace       used 11294K, capacity 11480K, committed 11776K, reserved 1058816K
  class space    used 1418K, capacity 1464K, committed 1536K, reserved 1048576K
}
Event: 0.962 GC heap before
{Heap before GC invocations=11 (full 0):
 PSYoungGen      total 14848K, used 13312K [0x00000000d5700000, 0x00000000d6700000, 0x0000000100000000)
  eden space 13312K, 100% used [0x00000000d5700000,0x00000000d6400000,0x00000000d6400000)
  from space 1536K, 0% used [0x00000000d6580000,0x00000000d6580000,0x00000000d6700000)
  to   space 1536K, 0% used [0x00000000d6400000,0x00000000d6400000,0x00000000d6580000)
 ParOldGen       total 129536K, used 7932K [0x0000000080400000, 0x0000000088280000, 0x00000000d5700000)
  object space 129536K, 6% used [0x0000000080400000,0x0000000080bbf3d8,0x0000000088280000)
 Metaspace       used 11294K, capacity 11480K, committed 11776K, reserved 1058816K
  class space    used 1418K, capacity 1464K, committed 1536K, reserved 1048576K
Event: 0.962 GC heap after
Heap after GC invocations=11 (full 0):
 PSYoungGen      total 14848K, used 0K [0x00000000d5700000, 0x00000000d6f00000, 0x0000000100000000)
  eden space 13312K, 0% used [0x00000000d5700000,0x00000000d5700000,0x00000000d6400000)
  from space 1536K, 0% used [0x00000000d6400000,0x00000000d6400000,0x00000000d6580000)
  to   space 1536K, 0% used [0x00000000d6d80000,0x00000000d6d80000,0x00000000d6f00000)
 ParOldGen       total 129536K, used 7932K [0x0000000080400000, 0x0000000088280000, 0x00000000d5700000)
  object space 129536K, 6% used [0x0000000080400000,0x0000000080bbf3d8,0x0000000088280000)
 Metaspace       used 11294K, capacity 11480K, committed 11776K, reserved 1058816K
  class space    used 1418K, capacity 1464K, committed 1536K, reserved 1048576K
}
Event: 3.995 GC heap before
{Heap before GC invocations=12 (full 0):
 PSYoungGen      total 14848K, used 13312K [0x00000000d5700000, 0x00000000d6f00000, 0x0000000100000000)
  eden space 13312K, 100% used [0x00000000d5700000,0x00000000d6400000,0x00000000d6400000)
  from space 1536K, 0% used [0x00000000d6400000,0x00000000d6400000,0x00000000d6580000)
  to   space 1536K, 0% used [0x00000000d6d80000,0x00000000d6d80000,0x00000000d6f00000)
 ParOldGen       total 129536K, used 7932K [0x0000000080400000, 0x0000000088280000, 0x00000000d5700000)
  object space 129536K, 6% used [0x0000000080400000,0x0000000080bbf3d8,0x0000000088280000)
 Metaspace       used 14545K, capacity 14698K, committed 14976K, reserved 1062912K
  class space    used 1871K, capacity 1915K, committed 1920K, reserved 1048576K
Event: 3.997 GC heap after
Heap after GC invocations=12 (full 0):
 PSYoungGen      total 22528K, used 1534K [0x00000000d5700000, 0x00000000d7000000, 0x0000000100000000)
  eden space 20992K, 0% used [0x00000000d5700000,0x00000000d5700000,0x00000000d6b80000)
  from space 1536K, 99% used [0x00000000d6d80000,0x00000000d6eff8a0,0x00000000d6f00000)
  to   space 2048K, 0% used [0x00000000d6b80000,0x00000000d6b80000,0x00000000d6d80000)
 ParOldGen       total 129536K, used 7964K [0x0000000080400000, 0x0000000088280000, 0x00000000d5700000)
  object space 129536K, 6% used [0x0000000080400000,0x0000000080bc73d8,0x0000000088280000)
 Metaspace       used 14545K, capacity 14698K, committed 14976K, reserved 1062912K
  class space    used 1871K, capacity 1915K, committed 1920K, reserved 1048576K
}
Event: 4.236 GC heap before
{Heap before GC invocations=13 (full 0):
 PSYoungGen      total 22528K, used 22526K [0x00000000d5700000, 0x00000000d7000000, 0x0000000100000000)
  eden space 20992K, 100% used [0x00000000d5700000,0x00000000d6b80000,0x00000000d6b80000)
  from space 1536K, 99% used [0x00000000d6d80000,0x00000000d6eff8a0,0x00000000d6f00000)
  to   space 2048K, 0% used [0x00000000d6b80000,0x00000000d6b80000,0x00000000d6d80000)
 ParOldGen       total 129536K, used 7964K [0x0000000080400000, 0x0000000088280000, 0x00000000d5700000)
  object space 129536K, 6% used [0x0000000080400000,0x0000000080bc73d8,0x0000000088280000)
 Metaspace       used 14560K, capacity 14698K, committed 14976K, reserved 1062912K
  class space    used 1871K, capacity 1915K, committed 1920K, reserved 1048576K
Event: 4.241 GC heap after
Heap after GC invocations=13 (full 0):
 PSYoungGen      total 23040K, used 829K [0x00000000d5700000, 0x00000000d7c00000, 0x0000000100000000)
  eden space 20992K, 0% used [0x00000000d5700000,0x00000000d5700000,0x00000000d6b80000)
  from space 2048K, 40% used [0x00000000d6b80000,0x00000000d6c4f768,0x00000000d6d80000)
  to   space 2048K, 0% used [0x00000000d7a00000,0x00000000d7a00000,0x00000000d7c00000)
 ParOldGen       total 129536K, used 28644K [0x0000000080400000, 0x0000000088280000, 0x00000000d5700000)
  object space 129536K, 22% used [0x0000000080400000,0x0000000081ff91a0,0x0000000088280000)
 Metaspace       used 14560K, capacity 14698K, committed 14976K, reserved 1062912K
  class space    used 1871K, capacity 1915K, committed 1920K, reserved 1048576K
}
Event: 4.484 GC heap before
{Heap before GC invocations=14 (full 0):
 PSYoungGen      total 23040K, used 21821K [0x00000000d5700000, 0x00000000d7c00000, 0x0000000100000000)
  eden space 20992K, 100% used [0x00000000d5700000,0x00000000d6b80000,0x00000000d6b80000)
  from space 2048K, 40% used [0x00000000d6b80000,0x00000000d6c4f768,0x00000000d6d80000)
  to   space 2048K, 0% used [0x00000000d7a00000,0x00000000d7a00000,0x00000000d7c00000)
 ParOldGen       total 129536K, used 28644K [0x0000000080400000, 0x0000000088280000, 0x00000000d5700000)
  object space 129536K, 22% used [0x0000000080400000,0x0000000081ff91a0,0x0000000088280000)
 Metaspace       used 14677K, capacity 14826K, committed 14976K, reserved 1062912K
  class space    used 1875K, capacity 1915K, committed 1920K, reserved 1048576K
Event: 4.485 GC heap after
Heap after GC invocations=14 (full 0):
 PSYoungGen      total 35840K, used 96K [0x00000000d5700000, 0x00000000d7c00000, 0x0000000100000000)
  eden space 33792K, 0% used [0x00000000d5700000,0x00000000d5700000,0x00000000d7800000)
  from space 2048K, 4% used [0x00000000d7a00000,0x00000000d7a18000,0x00000000d7c00000)
  to   space 2048K, 0% used [0x00000000d7800000,0x00000000d7800000,0x00000000d7a00000)
 ParOldGen       total 129536K, used 30789K [0x0000000080400000, 0x0000000088280000, 0x00000000d5700000)
  object space 129536K, 23% used [0x0000000080400000,0x00000000822117e8,0x0000000088280000)
 Metaspace       used 14677K, capacity 14826K, committed 14976K, reserved 1062912K
  class space    used 1875K, capacity 1915K, committed 1920K, reserved 1048576K
}

