# JRE version: Java(TM) SE Runtime Environment (8.0_05-b13) (build 1.8.0_05-b13)
# Java VM: Java HotSpot(TM) 64-Bit Server VM (25.5-b02 mixed mode windows-amd64 compressed oops)
Heap:
 PSYoungGen      total 35840K, used 4527K [0x00000000d5700000, 0x00000000d9300000, 0x0000000100000000)
  eden space 33792K, 7% used [0x00000000d5700000,0x00000000d596d3a8,0x00000000d7800000)
  from space 2048K, 99% used [0x00000000d7800000,0x00000000d79feb48,0x00000000d7a00000)
  to   space 3584K, 0% used [0x00000000d8f80000,0x00000000d8f80000,0x00000000d9300000)
 ParOldGen       total 129536K, used 33916K [0x0000000080400000, 0x0000000088280000, 0x00000000d5700000)
  object space 129536K, 26% used [0x0000000080400000,0x000000008251f3b0,0x0000000088280000)
 Metaspace       used 17814K, capacity 18020K, committed 18304K, reserved 1064960K
  class space    used 2347K, capacity 2394K, committed 2432K, reserved 1048576K
GC Heap History (10 events):
Event: 1.005 GC heap before
{Heap before GC invocations=11 (full 0):
 PSYoungGen      total 14848K, used 13312K [0x00000000d5700000, 0x00000000d6700000, 0x0000000100000000)
  eden space 13312K, 100% used [0x00000000d5700000,0x00000000d6400000,0x00000000d6400000)
  from space 1536K, 0% used [0x00000000d6580000,0x00000000d6580000,0x00000000d6700000)
  to   space 1536K, 0% used [0x00000000d6400000,0x00000000d6400000,0x00000000d6580000)
 ParOldGen       total 129536K, used 7916K [0x0000000080400000, 0x0000000088280000, 0x00000000d5700000)
  object space 129536K, 6% used [0x0000000080400000,0x0000000080bbb3b8,0x0000000088280000)
 Metaspace       used 11302K, capacity 11480K, committed 11776K, reserved 1058816K
  class space    used 1417K, capacity 1464K, committed 1536K, reserved 1048576K
Event: 1.005 GC heap after
Heap after GC invocations=11 (full 0):
 PSYoungGen      total 14848K, used 0K [0x00000000d5700000, 0x00000000d6f00000, 0x0000000100000000)
  eden space 13312K, 0% used [0x00000000d5700000,0x00000000d5700000,0x00000000d6400000)
  from space 1536K, 0% used [0x00000000d6400000,0x00000000d6400000,0x00000000d6580000)
  to   space 1536K, 0% used [0x00000000d6d80000,0x00000000d6d80000,0x00000000d6f00000)
 ParOldGen       total 129536K, used 7916K [0x0000000080400000, 0x0000000088280000, 0x00000000d5700000)
  object space 129536K, 6% used [0x0000000080400000,0x0000000080bbb3b8,0x0000000088280000)
 Metaspace       used 11302K, capacity 11480K, committed 11776K, reserved 1058816K
  class space    used 1417K, capacity 1464K, committed 1536K, reserved 1048576K
}
Event: 3.943 GC heap before
{Heap before GC invocations=12 (full 0):
 PSYoungGen      total 14848K, used 13312K [0x00000000d5700000, 0x00000000d6f00000, 0x0000000100000000)
  eden space 13312K, 100% used [0x00000000d5700000,0x00000000d6400000,0x00000000d6400000)
  from space 1536K, 0% used [0x00000000d6400000,0x00000000d6400000,0x00000000d6580000)
  to   space 1536K, 0% used [0x00000000d6d80000,0x00000000d6d80000,0x00000000d6f00000)
 ParOldGen       total 129536K, used 7916K [0x0000000080400000, 0x0000000088280000, 0x00000000d5700000)
  object space 129536K, 6% used [0x0000000080400000,0x0000000080bbb3b8,0x0000000088280000)
 Metaspace       used 14554K, capacity 14698K, committed 14976K, reserved 1062912K
  class space    used 1871K, capacity 1915K, committed 1920K, reserved 1048576K
Event: 3.945 GC heap after
Heap after GC invocations=12 (full 0):
 PSYoungGen      total 22528K, used 1518K [0x00000000d5700000, 0x00000000d7000000, 0x0000000100000000)
  eden space 20992K, 0% used [0x00000000d5700000,0x00000000d5700000,0x00000000d6b80000)
  from space 1536K, 98% used [0x00000000d6d80000,0x00000000d6efb890,0x00000000d6f00000)
  to   space 2048K, 0% used [0x00000000d6b80000,0x00000000d6b80000,0x00000000d6d80000)
 ParOldGen       total 129536K, used 7924K [0x0000000080400000, 0x0000000088280000, 0x00000000d5700000)
  object space 129536K, 6% used [0x0000000080400000,0x0000000080bbd3b8,0x0000000088280000)
 Metaspace       used 14554K, capacity 14698K, committed 14976K, reserved 1062912K
  class space    used 1871K, capacity 1915K, committed 1920K, reserved 1048576K
}
Event: 4.465 GC heap before
{Heap before GC invocations=13 (full 0):
 PSYoungGen      total 22528K, used 22510K [0x00000000d5700000, 0x00000000d7000000, 0x0000000100000000)
  eden space 20992K, 100% used [0x00000000d5700000,0x00000000d6b80000,0x00000000d6b80000)
  from space 1536K, 98% used [0x00000000d6d80000,0x00000000d6efb890,0x00000000d6f00000)
  to   space 2048K, 0% used [0x00000000d6b80000,0x00000000d6b80000,0x00000000d6d80000)
 ParOldGen       total 129536K, used 7924K [0x0000000080400000, 0x0000000088280000, 0x00000000d5700000)
  object space 129536K, 6% used [0x0000000080400000,0x0000000080bbd3b8,0x0000000088280000)
 Metaspace       used 14683K, capacity 14826K, committed 14976K, reserved 1062912K
  class space    used 1875K, capacity 1915K, committed 1920K, reserved 1048576K
Event: 4.469 GC heap after
Heap after GC invocations=13 (full 0):
 PSYoungGen      total 23040K, used 893K [0x00000000d5700000, 0x00000000d7c00000, 0x0000000100000000)
  eden space 20992K, 0% used [0x00000000d5700000,0x00000000d5700000,0x00000000d6b80000)
  from space 2048K, 43% used [0x00000000d6b80000,0x00000000d6c5f788,0x00000000d6d80000)
  to   space 2048K, 0% used [0x00000000d7a00000,0x00000000d7a00000,0x00000000d7c00000)
 ParOldGen       total 129536K, used 28532K [0x0000000080400000, 0x0000000088280000, 0x00000000d5700000)
  object space 129536K, 22% used [0x0000000080400000,0x0000000081fdd110,0x0000000088280000)
 Metaspace       used 14683K, capacity 14826K, committed 14976K, reserved 1062912K
  class space    used 1875K, capacity 1915K, committed 1920K, reserved 1048576K
}
Event: 4.942 GC heap before
{Heap before GC invocations=14 (full 0):
 PSYoungGen      total 23040K, used 21885K [0x00000000d5700000, 0x00000000d7c00000, 0x0000000100000000)
  eden space 20992K, 100% used [0x00000000d5700000,0x00000000d6b80000,0x00000000d6b80000)
  from space 2048K, 43% used [0x00000000d6b80000,0x00000000d6c5f788,0x00000000d6d80000)
  to   space 2048K, 0% used [0x00000000d7a00000,0x00000000d7a00000,0x00000000d7c00000)
 ParOldGen       total 129536K, used 28532K [0x0000000080400000, 0x0000000088280000, 0x00000000d5700000)
  object space 129536K, 22% used [0x0000000080400000,0x0000000081fdd110,0x0000000088280000)
 Metaspace       used 14786K, capacity 14954K, committed 15232K, reserved 1062912K
  class space    used 1876K, capacity 1915K, committed 1920K, reserved 1048576K
Event: 4.943 GC heap after
Heap after GC invocations=14 (full 0):
 PSYoungGen      total 35840K, used 128K [0x00000000d5700000, 0x00000000d7c00000, 0x0000000100000000)
  eden space 33792K, 0% used [0x00000000d5700000,0x00000000d5700000,0x00000000d7800000)
  from space 2048K, 6% used [0x00000000d7a00000,0x00000000d7a20000,0x00000000d7c00000)
  to   space 2048K, 0% used [0x00000000d7800000,0x00000000d7800000,0x00000000d7a00000)
 ParOldGen       total 129536K, used 30757K [0x0000000080400000, 0x0000000088280000, 0x00000000d5700000)
  object space 129536K, 23% used [0x0000000080400000,0x00000000822097c8,0x0000000088280000)
 Metaspace       used 14786K, capacity 14954K, committed 15232K, reserved 1062912K
  class space    used 1876K, capacity 1915K, committed 1920K, reserved 1048576K
}
Event: 7.618 GC heap before
{Heap before GC invocations=15 (full 0):
 PSYoungGen      total 35840K, used 33920K [0x00000000d5700000, 0x00000000d7c00000, 0x0000000100000000)
  eden space 33792K, 100% used [0x00000000d5700000,0x00000000d7800000,0x00000000d7800000)
  from space 2048K, 6% used [0x00000000d7a00000,0x00000000d7a20000,0x00000000d7c00000)
  to   space 2048K, 0% used [0x00000000d7800000,0x00000000d7800000,0x00000000d7a00000)
 ParOldGen       total 129536K, used 30757K [0x0000000080400000, 0x0000000088280000, 0x00000000d5700000)
  object space 129536K, 23% used [0x0000000080400000,0x00000000822097c8,0x0000000088280000)
 Metaspace       used 17705K, capacity 17892K, committed 18048K, reserved 1064960K
  class space    used 2337K, capacity 2394K, committed 2432K, reserved 1048576K
Event: 7.621 GC heap after
Heap after GC invocations=15 (full 0):
 PSYoungGen      total 35840K, used 2042K [0x00000000d5700000, 0x00000000d9300000, 0x0000000100000000)
  eden space 33792K, 0% used [0x00000000d5700000,0x00000000d5700000,0x00000000d7800000)
  from space 2048K, 99% used [0x00000000d7800000,0x00000000d79feb48,0x00000000d7a00000)
  to   space 3584K, 0% used [0x00000000d8f80000,0x00000000d8f80000,0x00000000d9300000)
 ParOldGen       total 129536K, used 33916K [0x0000000080400000, 0x0000000088280000, 0x00000000d5700000)
  object space 129536K, 26% used [0x0000000080400000,0x000000008251f3b0,0x0000000088280000)
 Metaspace       used 17705K, capacity 17892K, committed 18048K, reserved 1064960K
  class space    used 2337K, capacity 2394K, committed 2432K, reserved 1048576K
}

