# JRE version: Java(TM) SE Runtime Environment (8.0_05-b13) (build 1.8.0_05-b13)
# Java VM: Java HotSpot(TM) 64-Bit Server VM (25.5-b02 mixed mode windows-amd64 compressed oops)
Heap:
 PSYoungGen      total 27648K, used 25183K [0x00000000d5700000, 0x00000000d7500000, 0x0000000100000000)
  eden space 27136K, 91% used [0x00000000d5700000,0x00000000d6f5feb8,0x00000000d7180000)
  from space 512K, 43% used [0x00000000d7280000,0x00000000d72b8000,0x00000000d7300000)
  to   space 1536K, 0% used [0x00000000d7380000,0x00000000d7380000,0x00000000d7500000)
 ParOldGen       total 129536K, used 32190K [0x0000000080400000, 0x0000000088280000, 0x00000000d5700000)
  object space 129536K, 24% used [0x0000000080400000,0x000000008236f8a8,0x0000000088280000)
 Metaspace       used 17810K, capacity 18020K, committed 18304K, reserved 1064960K
  class space    used 2345K, capacity 2394K, committed 2432K, reserved 1048576K
GC Heap History (10 events):
Event: 1.609 GC heap before
{Heap before GC invocations=13 (full 0):
 PSYoungGen      total 12288K, used 10752K [0x00000000d5700000, 0x00000000d6480000, 0x0000000100000000)
  eden space 10752K, 100% used [0x00000000d5700000,0x00000000d6180000,0x00000000d6180000)
  from space 1536K, 0% used [0x00000000d6300000,0x00000000d6300000,0x00000000d6480000)
  to   space 1536K, 0% used [0x00000000d6180000,0x00000000d6180000,0x00000000d6300000)
 ParOldGen       total 129536K, used 7987K [0x0000000080400000, 0x0000000088280000, 0x00000000d5700000)
  object space 129536K, 6% used [0x0000000080400000,0x0000000080bccc28,0x0000000088280000)
 Metaspace       used 11304K, capacity 11480K, committed 11776K, reserved 1058816K
  class space    used 1418K, capacity 1464K, committed 1536K, reserved 1048576K
Event: 1.610 GC heap after
Heap after GC invocations=13 (full 0):
 PSYoungGen      total 12288K, used 0K [0x00000000d5700000, 0x00000000d6b00000, 0x0000000100000000)
  eden space 10752K, 0% used [0x00000000d5700000,0x00000000d5700000,0x00000000d6180000)
  from space 1536K, 0% used [0x00000000d6180000,0x00000000d6180000,0x00000000d6300000)
  to   space 1536K, 0% used [0x00000000d6980000,0x00000000d6980000,0x00000000d6b00000)
 ParOldGen       total 129536K, used 7987K [0x0000000080400000, 0x0000000088280000, 0x00000000d5700000)
  object space 129536K, 6% used [0x0000000080400000,0x0000000080bccc28,0x0000000088280000)
 Metaspace       used 11304K, capacity 11480K, committed 11776K, reserved 1058816K
  class space    used 1418K, capacity 1464K, committed 1536K, reserved 1048576K
}
Event: 4.902 GC heap before
{Heap before GC invocations=14 (full 0):
 PSYoungGen      total 12288K, used 10751K [0x00000000d5700000, 0x00000000d6b00000, 0x0000000100000000)
  eden space 10752K, 99% used [0x00000000d5700000,0x00000000d617fdc0,0x00000000d6180000)
  from space 1536K, 0% used [0x00000000d6180000,0x00000000d6180000,0x00000000d6300000)
  to   space 1536K, 0% used [0x00000000d6980000,0x00000000d6980000,0x00000000d6b00000)
 ParOldGen       total 129536K, used 7987K [0x0000000080400000, 0x0000000088280000, 0x00000000d5700000)
  object space 129536K, 6% used [0x0000000080400000,0x0000000080bccc28,0x0000000088280000)
 Metaspace       used 13027K, capacity 13176K, committed 13312K, reserved 1060864K
  class space    used 1651K, capacity 1688K, committed 1792K, reserved 1048576K
Event: 4.903 GC heap after
Heap after GC invocations=14 (full 0):
 PSYoungGen      total 18944K, used 560K [0x00000000d5700000, 0x00000000d6b00000, 0x0000000100000000)
  eden space 17408K, 0% used [0x00000000d5700000,0x00000000d5700000,0x00000000d6800000)
  from space 1536K, 36% used [0x00000000d6980000,0x00000000d6a0c148,0x00000000d6b00000)
  to   space 1536K, 0% used [0x00000000d6800000,0x00000000d6800000,0x00000000d6980000)
 ParOldGen       total 129536K, used 7995K [0x0000000080400000, 0x0000000088280000, 0x00000000d5700000)
  object space 129536K, 6% used [0x0000000080400000,0x0000000080bcec28,0x0000000088280000)
 Metaspace       used 13027K, capacity 13176K, committed 13312K, reserved 1060864K
  class space    used 1651K, capacity 1688K, committed 1792K, reserved 1048576K
}
Event: 5.696 GC heap before
{Heap before GC invocations=15 (full 0):
 PSYoungGen      total 18944K, used 17968K [0x00000000d5700000, 0x00000000d6b00000, 0x0000000100000000)
  eden space 17408K, 100% used [0x00000000d5700000,0x00000000d6800000,0x00000000d6800000)
  from space 1536K, 36% used [0x00000000d6980000,0x00000000d6a0c148,0x00000000d6b00000)
  to   space 1536K, 0% used [0x00000000d6800000,0x00000000d6800000,0x00000000d6980000)
 ParOldGen       total 129536K, used 7995K [0x0000000080400000, 0x0000000088280000, 0x00000000d5700000)
  object space 129536K, 6% used [0x0000000080400000,0x0000000080bcec28,0x0000000088280000)
 Metaspace       used 14568K, capacity 14762K, committed 14976K, reserved 1062912K
  class space    used 1874K, capacity 1915K, committed 1920K, reserved 1048576K
Event: 5.701 GC heap after
Heap after GC invocations=15 (full 0):
 PSYoungGen      total 18944K, used 1181K [0x00000000d5700000, 0x00000000d7680000, 0x0000000100000000)
  eden space 17408K, 0% used [0x00000000d5700000,0x00000000d5700000,0x00000000d6800000)
  from space 1536K, 76% used [0x00000000d6800000,0x00000000d6927788,0x00000000d6980000)
  to   space 2048K, 0% used [0x00000000d7480000,0x00000000d7480000,0x00000000d7680000)
 ParOldGen       total 129536K, used 29704K [0x0000000080400000, 0x0000000088280000, 0x00000000d5700000)
  object space 129536K, 22% used [0x0000000080400000,0x00000000821021a0,0x0000000088280000)
 Metaspace       used 14568K, capacity 14762K, committed 14976K, reserved 1062912K
  class space    used 1874K, capacity 1915K, committed 1920K, reserved 1048576K
}
Event: 6.053 GC heap before
{Heap before GC invocations=16 (full 0):
 PSYoungGen      total 18944K, used 18589K [0x00000000d5700000, 0x00000000d7680000, 0x0000000100000000)
  eden space 17408K, 99% used [0x00000000d5700000,0x00000000d67ffdb0,0x00000000d6800000)
  from space 1536K, 76% used [0x00000000d6800000,0x00000000d6927788,0x00000000d6980000)
  to   space 2048K, 0% used [0x00000000d7480000,0x00000000d7480000,0x00000000d7680000)
 ParOldGen       total 129536K, used 29704K [0x0000000080400000, 0x0000000088280000, 0x00000000d5700000)
  object space 129536K, 22% used [0x0000000080400000,0x00000000821021a0,0x0000000088280000)
 Metaspace       used 14637K, capacity 14826K, committed 14976K, reserved 1062912K
  class space    used 1875K, capacity 1915K, committed 1920K, reserved 1048576K
Event: 6.054 GC heap after
Heap after GC invocations=16 (full 0):
 PSYoungGen      total 29184K, used 128K [0x00000000d5700000, 0x00000000d7580000, 0x0000000100000000)
  eden space 28160K, 0% used [0x00000000d5700000,0x00000000d5700000,0x00000000d7280000)
  from space 1024K, 12% used [0x00000000d7480000,0x00000000d74a0000,0x00000000d7580000)
  to   space 1536K, 0% used [0x00000000d7280000,0x00000000d7280000,0x00000000d7400000)
 ParOldGen       total 129536K, used 32166K [0x0000000080400000, 0x0000000088280000, 0x00000000d5700000)
  object space 129536K, 24% used [0x0000000080400000,0x00000000823698a8,0x0000000088280000)
 Metaspace       used 14637K, capacity 14826K, committed 14976K, reserved 1062912K
  class space    used 1875K, capacity 1915K, committed 1920K, reserved 1048576K
}
Event: 7.107 GC heap before
{Heap before GC invocations=17 (full 0):
 PSYoungGen      total 29184K, used 28288K [0x00000000d5700000, 0x00000000d7580000, 0x0000000100000000)
  eden space 28160K, 100% used [0x00000000d5700000,0x00000000d7280000,0x00000000d7280000)
  from space 1024K, 12% used [0x00000000d7480000,0x00000000d74a0000,0x00000000d7580000)
  to   space 1536K, 0% used [0x00000000d7280000,0x00000000d7280000,0x00000000d7400000)
 ParOldGen       total 129536K, used 32166K [0x0000000080400000, 0x0000000088280000, 0x00000000d5700000)
  object space 129536K, 24% used [0x0000000080400000,0x00000000823698a8,0x0000000088280000)
 Metaspace       used 14813K, capacity 14954K, committed 15232K, reserved 1062912K
  class space    used 1882K, capacity 1915K, committed 1920K, reserved 1048576K
Event: 7.108 GC heap after
Heap after GC invocations=17 (full 0):
 PSYoungGen      total 27648K, used 224K [0x00000000d5700000, 0x00000000d7500000, 0x0000000100000000)
  eden space 27136K, 0% used [0x00000000d5700000,0x00000000d5700000,0x00000000d7180000)
  from space 512K, 43% used [0x00000000d7280000,0x00000000d72b8000,0x00000000d7300000)
  to   space 1536K, 0% used [0x00000000d7380000,0x00000000d7380000,0x00000000d7500000)
 ParOldGen       total 129536K, used 32190K [0x0000000080400000, 0x0000000088280000, 0x00000000d5700000)
  object space 129536K, 24% used [0x0000000080400000,0x000000008236f8a8,0x0000000088280000)
 Metaspace       used 14813K, capacity 14954K, committed 15232K, reserved 1062912K
  class space    used 1882K, capacity 1915K, committed 1920K, reserved 1048576K
}

